c:\users\administrator\source\repos\sample08\x64\release\aruco+matrix.ipdb
c:\users\administrator\source\repos\sample08\x64\release\aruco+matrix.iobj
c:\users\administrator\source\repos\sample08\aruco+matrix\x64\release\vc141.pdb
c:\users\administrator\source\repos\sample08\aruco+matrix\x64\release\writefiles.obj
c:\users\administrator\source\repos\sample08\aruco+matrix\x64\release\udp_server.obj
c:\users\administrator\source\repos\sample08\aruco+matrix\x64\release\tinyxml2.obj
c:\users\administrator\source\repos\sample08\aruco+matrix\x64\release\program.obj
c:\users\administrator\source\repos\sample08\aruco+matrix\x64\release\parameters.obj
c:\users\administrator\source\repos\sample08\aruco+matrix\x64\release\matrixvisiondevice.obj
c:\users\administrator\source\repos\sample08\aruco+matrix\x64\release\camcalib.obj
c:\users\administrator\source\repos\sample08\aruco+matrix\x64\release\ads.obj
c:\users\administrator\source\repos\sample08\aruco+matrix\x64\release\zmaxheap.obj
c:\users\administrator\source\repos\sample08\aruco+matrix\x64\release\dictionary.obj
c:\users\administrator\source\repos\sample08\aruco+matrix\x64\release\charuco.obj
c:\users\administrator\source\repos\sample08\aruco+matrix\x64\release\aruco.obj
c:\users\administrator\source\repos\sample08\aruco+matrix\x64\release\apriltag_quad_thresh.obj
d:\robotica\proyectos\beckhoff-aruco\aruco+matrix\x64\release\vc141.pdb
d:\robotica\proyectos\beckhoff-aruco\aruco+matrix\x64\release\udp_server.obj
d:\robotica\proyectos\beckhoff-aruco\aruco+matrix\x64\release\tinyxml2.obj
d:\robotica\proyectos\beckhoff-aruco\aruco+matrix\x64\release\program.obj
d:\robotica\proyectos\beckhoff-aruco\aruco+matrix\x64\release\parameters.obj
d:\robotica\proyectos\beckhoff-aruco\aruco+matrix\x64\release\matrixvisiondevice.obj
d:\robotica\proyectos\beckhoff-aruco\aruco+matrix\x64\release\camcalib.obj
c:\users\administrator\source\repos\sample08\x64\release\aruco+matrix.exe
c:\users\administrator\source\repos\sample08\x64\release\aruco+matrix.pdb
d:\robotica\proyectos\beckhoff-aruco\aruco+matrix\x64\release\ads.obj
d:\robotica\proyectos\beckhoff-aruco\aruco+matrix\x64\release\apriltag_quad_thresh.obj
d:\robotica\proyectos\beckhoff-aruco\aruco+matrix\x64\release\aruco.obj
d:\robotica\proyectos\beckhoff-aruco\aruco+matrix\x64\release\charuco.obj
d:\robotica\proyectos\beckhoff-aruco\aruco+matrix\x64\release\dictionary.obj
d:\robotica\proyectos\beckhoff-aruco\aruco+matrix\x64\release\writefiles.obj
d:\robotica\proyectos\beckhoff-aruco\aruco+matrix\x64\release\zmaxheap.obj
d:\robotica\proyectos\beckhoff-aruco\x64\release\aruco+matrix.pdb
d:\robotica\proyectos\beckhoff-aruco\x64\release\aruco+matrix.exe
d:\robotica\proyectos\beckhoff-aruco\aruco+matrix\x64\release\aruco+matrix.tlog\aruco+matrix.write.1u.tlog
d:\robotica\proyectos\beckhoff-aruco\aruco+matrix\x64\release\aruco+matrix.tlog\cl.command.1.tlog
d:\robotica\proyectos\beckhoff-aruco\aruco+matrix\x64\release\aruco+matrix.tlog\cl.read.1.tlog
d:\robotica\proyectos\beckhoff-aruco\aruco+matrix\x64\release\aruco+matrix.tlog\cl.write.1.tlog
d:\robotica\proyectos\beckhoff-aruco\aruco+matrix\x64\release\aruco+matrix.tlog\link.command.1.tlog
d:\robotica\proyectos\beckhoff-aruco\aruco+matrix\x64\release\aruco+matrix.tlog\link.read.1.tlog
d:\robotica\proyectos\beckhoff-aruco\aruco+matrix\x64\release\aruco+matrix.tlog\link.write.1.tlog
